[ 2021-04-12T10:27:56+08:00 ] 127.0.0.1 /2015/advanced/04/01/index.php/Public/img/header_left.jpg
INFO: [ app_init ] --START--
INFO: Run Behavior\BuildLiteBehavior [ RunTime:0.000035s ]
INFO: [ app_init ] --END-- [ RunTime:0.000417s ]
ERR: 无法加载模块:Public

[ 2021-04-12T10:27:56+08:00 ] 127.0.0.1 /2015/advanced/04/01/index.php/Public/img/header_right.jpg
INFO: [ app_init ] --START--
INFO: Run Behavior\BuildLiteBehavior [ RunTime:0.000025s ]
INFO: [ app_init ] --END-- [ RunTime:0.000375s ]
ERR: 无法加载模块:Public

[ 2021-04-12T10:27:56+08:00 ] 127.0.0.1 /2015/advanced/04/01/index.php/Public/img/admin_p.gif
INFO: [ app_init ] --START--
INFO: Run Behavior\BuildLiteBehavior [ RunTime:0.000025s ]
INFO: [ app_init ] --END-- [ RunTime:0.000382s ]
ERR: 无法加载模块:Public

[ 2021-04-12T10:27:57+08:00 ] 127.0.0.1 /2015/advanced/04/01/index.php/Public/img/header_bg.jpg
INFO: [ app_init ] --START--
INFO: Run Behavior\BuildLiteBehavior [ RunTime:0.000028s ]
INFO: [ app_init ] --END-- [ RunTime:0.000437s ]
ERR: 无法加载模块:Public

[ 2021-04-12T10:27:57+08:00 ] 127.0.0.1 /2015/advanced/04/01/index.php/Public/img/menu_bg.jpg
INFO: [ app_init ] --START--
INFO: Run Behavior\BuildLiteBehavior [ RunTime:0.000027s ]
INFO: [ app_init ] --END-- [ RunTime:0.000432s ]
ERR: 无法加载模块:Public

[ 2021-04-12T10:27:57+08:00 ] 127.0.0.1 /2015/advanced/04/01/index.php/Public/img/menu_bt.jpg
INFO: [ app_init ] --START--
INFO: Run Behavior\BuildLiteBehavior [ RunTime:0.000028s ]
INFO: [ app_init ] --END-- [ RunTime:0.000510s ]
ERR: 无法加载模块:Public

[ 2021-04-12T10:27:57+08:00 ] 127.0.0.1 /2015/advanced/04/01/index.php/Public/img/title_bg1.jpg
INFO: [ app_init ] --START--
INFO: Run Behavior\BuildLiteBehavior [ RunTime:0.000028s ]
INFO: [ app_init ] --END-- [ RunTime:0.000454s ]
ERR: 无法加载模块:Public

[ 2021-04-12T10:27:57+08:00 ] 127.0.0.1 /2015/advanced/04/01/index.php/Public/img/shadow_bg.jpg
INFO: [ app_init ] --START--
INFO: Run Behavior\BuildLiteBehavior [ RunTime:0.000026s ]
INFO: [ app_init ] --END-- [ RunTime:0.000381s ]
ERR: 无法加载模块:Public

[ 2021-04-12T10:27:57+08:00 ] 127.0.0.1 /2015/advanced/04/01/index.php/Public/img/title_bg2.jpg
INFO: [ app_init ] --START--
INFO: Run Behavior\BuildLiteBehavior [ RunTime:0.000050s ]
INFO: [ app_init ] --END-- [ RunTime:0.000461s ]
ERR: 无法加载模块:Public

[ 2021-04-12T10:27:57+08:00 ] 127.0.0.1 /2015/advanced/04/01/index.php/Public/img/menu_icon.gif
INFO: [ app_init ] --START--
INFO: Run Behavior\BuildLiteBehavior [ RunTime:0.000059s ]
INFO: [ app_init ] --END-- [ RunTime:0.000964s ]
ERR: 无法加载模块:Public

[ 2021-04-12T10:28:12+08:00 ] 127.0.0.1 /2015/advanced/04/01/index.php/Public/img/header_left.jpg
INFO: [ app_init ] --START--
INFO: Run Behavior\BuildLiteBehavior [ RunTime:0.000026s ]
INFO: [ app_init ] --END-- [ RunTime:0.000485s ]
ERR: 无法加载模块:Public

[ 2021-04-12T10:28:12+08:00 ] 127.0.0.1 /2015/advanced/04/01/index.php/Public/img/header_right.jpg
INFO: [ app_init ] --START--
INFO: Run Behavior\BuildLiteBehavior [ RunTime:0.000024s ]
INFO: [ app_init ] --END-- [ RunTime:0.000376s ]
ERR: 无法加载模块:Public

[ 2021-04-12T10:28:12+08:00 ] 127.0.0.1 /2015/advanced/04/01/index.php/Public/img/header_bg.jpg
INFO: [ app_init ] --START--
INFO: Run Behavior\BuildLiteBehavior [ RunTime:0.000025s ]
INFO: [ app_init ] --END-- [ RunTime:0.000378s ]
ERR: 无法加载模块:Public

[ 2021-04-12T10:28:12+08:00 ] 127.0.0.1 /2015/advanced/04/01/index.php/Public/img/menu_bg.jpg
INFO: [ app_init ] --START--
INFO: Run Behavior\BuildLiteBehavior [ RunTime:0.000028s ]
INFO: [ app_init ] --END-- [ RunTime:0.000428s ]
ERR: 无法加载模块:Public

[ 2021-04-12T10:28:12+08:00 ] 127.0.0.1 /2015/advanced/04/01/index.php/Public/img/menu_bt.jpg
INFO: [ app_init ] --START--
INFO: Run Behavior\BuildLiteBehavior [ RunTime:0.000028s ]
INFO: [ app_init ] --END-- [ RunTime:0.000412s ]
ERR: 无法加载模块:Public

[ 2021-04-12T10:28:13+08:00 ] 127.0.0.1 /2015/advanced/04/01/index.php/Public/img/admin_p.gif
INFO: [ app_init ] --START--
INFO: Run Behavior\BuildLiteBehavior [ RunTime:0.000031s ]
INFO: [ app_init ] --END-- [ RunTime:0.000426s ]
ERR: 无法加载模块:Public

[ 2021-04-12T10:28:13+08:00 ] 127.0.0.1 /2015/advanced/04/01/index.php/Public/img/menu_icon.gif
INFO: [ app_init ] --START--
INFO: Run Behavior\BuildLiteBehavior [ RunTime:0.000027s ]
INFO: [ app_init ] --END-- [ RunTime:0.000455s ]
ERR: 无法加载模块:Public

[ 2021-04-12T10:28:13+08:00 ] 127.0.0.1 /2015/advanced/04/01/index.php/Public/img/title_bg1.jpg
INFO: [ app_init ] --START--
INFO: Run Behavior\BuildLiteBehavior [ RunTime:0.000026s ]
INFO: [ app_init ] --END-- [ RunTime:0.000534s ]
ERR: 无法加载模块:Public

[ 2021-04-12T10:28:13+08:00 ] 127.0.0.1 /2015/advanced/04/01/index.php/Public/img/shadow_bg.jpg
INFO: [ app_init ] --START--
INFO: Run Behavior\BuildLiteBehavior [ RunTime:0.000026s ]
INFO: [ app_init ] --END-- [ RunTime:0.000500s ]
ERR: 无法加载模块:Public

[ 2021-04-12T10:28:14+08:00 ] 127.0.0.1 /2015/advanced/04/01/index.php/Public/img/title_bg2.jpg
INFO: [ app_init ] --START--
INFO: Run Behavior\BuildLiteBehavior [ RunTime:0.000050s ]
INFO: [ app_init ] --END-- [ RunTime:0.000787s ]
ERR: 无法加载模块:Public

[ 2021-04-12T10:28:15+08:00 ] 127.0.0.1 /2015/advanced/04/01/index.php/Public/img/menu_icon.gif
INFO: [ app_init ] --START--
INFO: Run Behavior\BuildLiteBehavior [ RunTime:0.000026s ]
INFO: [ app_init ] --END-- [ RunTime:0.000397s ]
ERR: 无法加载模块:Public

[ 2021-04-12T10:28:15+08:00 ] 127.0.0.1 /2015/advanced/04/01/index.php/Public/img/header_left.jpg
INFO: [ app_init ] --START--
INFO: Run Behavior\BuildLiteBehavior [ RunTime:0.000025s ]
INFO: [ app_init ] --END-- [ RunTime:0.000399s ]
ERR: 无法加载模块:Public

[ 2021-04-12T10:28:15+08:00 ] 127.0.0.1 /2015/advanced/04/01/index.php/Public/img/header_right.jpg
INFO: [ app_init ] --START--
INFO: Run Behavior\BuildLiteBehavior [ RunTime:0.000026s ]
INFO: [ app_init ] --END-- [ RunTime:0.000396s ]
ERR: 无法加载模块:Public

[ 2021-04-12T10:28:15+08:00 ] 127.0.0.1 /2015/advanced/04/01/index.php/Public/img/menu_bg.jpg
INFO: [ app_init ] --START--
INFO: Run Behavior\BuildLiteBehavior [ RunTime:0.000027s ]
INFO: [ app_init ] --END-- [ RunTime:0.000444s ]
ERR: 无法加载模块:Public

[ 2021-04-12T10:28:15+08:00 ] 127.0.0.1 /2015/advanced/04/01/index.php/Public/img/menu_bt.jpg
INFO: [ app_init ] --START--
INFO: Run Behavior\BuildLiteBehavior [ RunTime:0.000025s ]
INFO: [ app_init ] --END-- [ RunTime:0.000410s ]
ERR: 无法加载模块:Public

[ 2021-04-12T10:28:16+08:00 ] 127.0.0.1 /2015/advanced/04/01/index.php/Public/img/admin_p.gif
INFO: [ app_init ] --START--
INFO: Run Behavior\BuildLiteBehavior [ RunTime:0.000024s ]
INFO: [ app_init ] --END-- [ RunTime:0.000371s ]
ERR: 无法加载模块:Public

[ 2021-04-12T10:28:16+08:00 ] 127.0.0.1 /2015/advanced/04/01/index.php/Public/img/title_bg1.jpg
INFO: [ app_init ] --START--
INFO: Run Behavior\BuildLiteBehavior [ RunTime:0.000026s ]
INFO: [ app_init ] --END-- [ RunTime:0.000435s ]
ERR: 无法加载模块:Public

[ 2021-04-12T10:28:16+08:00 ] 127.0.0.1 /2015/advanced/04/01/index.php/Public/img/shadow_bg.jpg
INFO: [ app_init ] --START--
INFO: Run Behavior\BuildLiteBehavior [ RunTime:0.000025s ]
INFO: [ app_init ] --END-- [ RunTime:0.000389s ]
ERR: 无法加载模块:Public

[ 2021-04-12T10:28:16+08:00 ] 127.0.0.1 /2015/advanced/04/01/index.php/Public/img/header_bg.jpg
INFO: [ app_init ] --START--
INFO: Run Behavior\BuildLiteBehavior [ RunTime:0.000024s ]
INFO: [ app_init ] --END-- [ RunTime:0.000368s ]
ERR: 无法加载模块:Public

[ 2021-04-12T10:28:17+08:00 ] 127.0.0.1 /2015/advanced/04/01/index.php/Public/img/title_bg2.jpg
INFO: [ app_init ] --START--
INFO: Run Behavior\BuildLiteBehavior [ RunTime:0.000058s ]
INFO: [ app_init ] --END-- [ RunTime:0.000896s ]
ERR: 无法加载模块:Public

[ 2021-04-12T10:29:04+08:00 ] 127.0.0.1 /2015/advanced/04/01/index.php/Public/css/admin.css
INFO: [ app_init ] --START--
INFO: Run Behavior\BuildLiteBehavior [ RunTime:0.000025s ]
INFO: [ app_init ] --END-- [ RunTime:0.000385s ]
ERR: 无法加载模块:Public

[ 2021-04-12T10:29:04+08:00 ] 127.0.0.1 /2015/advanced/04/01/index.php/Public/img/header_left.jpg
INFO: [ app_init ] --START--
INFO: Run Behavior\BuildLiteBehavior [ RunTime:0.000026s ]
INFO: [ app_init ] --END-- [ RunTime:0.000467s ]
ERR: 无法加载模块:Public

[ 2021-04-12T10:29:04+08:00 ] 127.0.0.1 /2015/advanced/04/01/index.php/Public/img/header_right.jpg
INFO: [ app_init ] --START--
INFO: Run Behavior\BuildLiteBehavior [ RunTime:0.000026s ]
INFO: [ app_init ] --END-- [ RunTime:0.000393s ]
ERR: 无法加载模块:Public

[ 2021-04-12T10:29:04+08:00 ] 127.0.0.1 /2015/advanced/04/01/index.php/Public/css/admin.css
INFO: [ app_init ] --START--
INFO: Run Behavior\BuildLiteBehavior [ RunTime:0.000027s ]
INFO: [ app_init ] --END-- [ RunTime:0.000420s ]
ERR: 无法加载模块:Public

[ 2021-04-12T10:29:04+08:00 ] 127.0.0.1 /2015/advanced/04/01/index.php/Public/img/header_bg.jpg
INFO: [ app_init ] --START--
INFO: Run Behavior\BuildLiteBehavior [ RunTime:0.000025s ]
INFO: [ app_init ] --END-- [ RunTime:0.000396s ]
ERR: 无法加载模块:Public

[ 2021-04-12T10:29:04+08:00 ] 127.0.0.1 /2015/advanced/04/01/index.php/Public/img/title_bg1.jpg
INFO: [ app_init ] --START--
INFO: Run Behavior\BuildLiteBehavior [ RunTime:0.000026s ]
INFO: [ app_init ] --END-- [ RunTime:0.000406s ]
ERR: 无法加载模块:Public

[ 2021-04-12T10:29:04+08:00 ] 127.0.0.1 /2015/advanced/04/01/index.php/Public/img/shadow_bg.jpg
INFO: [ app_init ] --START--
INFO: Run Behavior\BuildLiteBehavior [ RunTime:0.000119s ]
INFO: [ app_init ] --END-- [ RunTime:0.000599s ]
ERR: 无法加载模块:Public

[ 2021-04-12T10:29:05+08:00 ] 127.0.0.1 /2015/advanced/04/01/index.php/Public/img/menu_icon.gif
INFO: [ app_init ] --START--
INFO: Run Behavior\BuildLiteBehavior [ RunTime:0.000022s ]
INFO: [ app_init ] --END-- [ RunTime:0.000360s ]
ERR: 无法加载模块:Public

[ 2021-04-12T10:29:05+08:00 ] 127.0.0.1 /2015/advanced/04/01/index.php/Public/img/menu_bg.jpg
INFO: [ app_init ] --START--
INFO: Run Behavior\BuildLiteBehavior [ RunTime:0.000027s ]
INFO: [ app_init ] --END-- [ RunTime:0.000541s ]
ERR: 无法加载模块:Public

[ 2021-04-12T10:29:05+08:00 ] 127.0.0.1 /2015/advanced/04/01/index.php/Public/img/title_bg2.jpg
INFO: [ app_init ] --START--
INFO: Run Behavior\BuildLiteBehavior [ RunTime:0.000023s ]
INFO: [ app_init ] --END-- [ RunTime:0.000369s ]
ERR: 无法加载模块:Public

[ 2021-04-12T10:29:05+08:00 ] 127.0.0.1 /2015/advanced/04/01/index.php/Public/img/admin_p.gif
INFO: [ app_init ] --START--
INFO: Run Behavior\BuildLiteBehavior [ RunTime:0.000029s ]
INFO: [ app_init ] --END-- [ RunTime:0.000569s ]
ERR: 无法加载模块:Public

[ 2021-04-12T10:29:11+08:00 ] 127.0.0.1 /2015/advanced/04/01/index.php/Public/css/admin.css
INFO: [ app_init ] --START--
INFO: Run Behavior\BuildLiteBehavior [ RunTime:0.000027s ]
INFO: [ app_init ] --END-- [ RunTime:0.000397s ]
ERR: 无法加载模块:Public

[ 2021-04-12T10:29:11+08:00 ] 127.0.0.1 /2015/advanced/04/01/index.php/Public/css/admin.css
INFO: [ app_init ] --START--
INFO: Run Behavior\BuildLiteBehavior [ RunTime:0.000027s ]
INFO: [ app_init ] --END-- [ RunTime:0.000436s ]
ERR: 无法加载模块:Public

[ 2021-04-12T10:29:11+08:00 ] 127.0.0.1 /2015/advanced/04/01/index.php/Public/css/admin.css
INFO: [ app_init ] --START--
INFO: Run Behavior\BuildLiteBehavior [ RunTime:0.000027s ]
INFO: [ app_init ] --END-- [ RunTime:0.000418s ]
ERR: 无法加载模块:Public

[ 2021-04-12T10:32:07+08:00 ] 127.0.0.1 /2015/advanced/04/01/index.php/Public/css/admin.css
INFO: [ app_init ] --START--
INFO: Run Behavior\BuildLiteBehavior [ RunTime:0.000026s ]
INFO: [ app_init ] --END-- [ RunTime:0.000411s ]
ERR: 无法加载模块:Public

[ 2021-04-12T10:32:07+08:00 ] 127.0.0.1 /2015/advanced/04/01/index.php/Public/img/header_right.jpg
INFO: [ app_init ] --START--
INFO: Run Behavior\BuildLiteBehavior [ RunTime:0.000027s ]
INFO: [ app_init ] --END-- [ RunTime:0.000473s ]
ERR: 无法加载模块:Public

[ 2021-04-12T10:32:08+08:00 ] 127.0.0.1 /2015/advanced/04/01/index.php/Public/css/admin.css
INFO: [ app_init ] --START--
INFO: Run Behavior\BuildLiteBehavior [ RunTime:0.000026s ]
INFO: [ app_init ] --END-- [ RunTime:0.000417s ]
ERR: 无法加载模块:Public

[ 2021-04-12T10:32:08+08:00 ] 127.0.0.1 /2015/advanced/04/01/index.php/Public/img/header_left.jpg
INFO: [ app_init ] --START--
INFO: Run Behavior\BuildLiteBehavior [ RunTime:0.000024s ]
INFO: [ app_init ] --END-- [ RunTime:0.000377s ]
ERR: 无法加载模块:Public

[ 2021-04-12T10:32:08+08:00 ] 127.0.0.1 /2015/advanced/04/01/index.php/Public/img/title_bg1.jpg
INFO: [ app_init ] --START--
INFO: Run Behavior\BuildLiteBehavior [ RunTime:0.000025s ]
INFO: [ app_init ] --END-- [ RunTime:0.000480s ]
ERR: 无法加载模块:Public

[ 2021-04-12T10:32:08+08:00 ] 127.0.0.1 /2015/advanced/04/01/index.php/Public/img/header_bg.jpg
INFO: [ app_init ] --START--
INFO: Run Behavior\BuildLiteBehavior [ RunTime:0.000027s ]
INFO: [ app_init ] --END-- [ RunTime:0.000489s ]
ERR: 无法加载模块:Public

[ 2021-04-12T10:32:08+08:00 ] 127.0.0.1 /2015/advanced/04/01/index.php/Public/css/admin.css
INFO: [ app_init ] --START--
INFO: Run Behavior\BuildLiteBehavior [ RunTime:0.000025s ]
INFO: [ app_init ] --END-- [ RunTime:0.000388s ]
ERR: 无法加载模块:Public

[ 2021-04-12T10:32:08+08:00 ] 127.0.0.1 /2015/advanced/04/01/index.php/Public/img/menu_icon.gif
INFO: [ app_init ] --START--
INFO: Run Behavior\BuildLiteBehavior [ RunTime:0.000025s ]
INFO: [ app_init ] --END-- [ RunTime:0.000382s ]
ERR: 无法加载模块:Public

[ 2021-04-12T10:32:08+08:00 ] 127.0.0.1 /2015/advanced/04/01/index.php/Public/img/menu_bg.jpg
INFO: [ app_init ] --START--
INFO: Run Behavior\BuildLiteBehavior [ RunTime:0.000026s ]
INFO: [ app_init ] --END-- [ RunTime:0.000469s ]
ERR: 无法加载模块:Public

[ 2021-04-12T10:32:08+08:00 ] 127.0.0.1 /2015/advanced/04/01/index.php/Public/img/menu_bt.jpg
INFO: [ app_init ] --START--
INFO: Run Behavior\BuildLiteBehavior [ RunTime:0.000026s ]
INFO: [ app_init ] --END-- [ RunTime:0.000497s ]
ERR: 无法加载模块:Public

[ 2021-04-12T10:32:09+08:00 ] 127.0.0.1 /2015/advanced/04/01/index.php/Public/img/admin_p.gif
INFO: [ app_init ] --START--
INFO: Run Behavior\BuildLiteBehavior [ RunTime:0.000057s ]
INFO: [ app_init ] --END-- [ RunTime:0.000902s ]
ERR: 无法加载模块:Public

[ 2021-04-12T10:32:09+08:00 ] 127.0.0.1 /2015/advanced/04/01/index.php/Public/img/title_bg2.jpg
INFO: [ app_init ] --START--
INFO: Run Behavior\BuildLiteBehavior [ RunTime:0.000026s ]
INFO: [ app_init ] --END-- [ RunTime:0.000408s ]
ERR: 无法加载模块:Public

[ 2021-04-12T10:32:12+08:00 ] 127.0.0.1 /2015/advanced/04/01/index.php/Public/css/admin.css
INFO: [ app_init ] --START--
INFO: Run Behavior\BuildLiteBehavior [ RunTime:0.000025s ]
INFO: [ app_init ] --END-- [ RunTime:0.000478s ]
ERR: 无法加载模块:Public



[ 2021-04-12T10:32:12+08:00 ] 127.0.0.1 /2015/advanced/04/01/index.php/Public/img/menu_bg.jpg
INFO: [ app_init ] --START--
INFO: Run Behavior\BuildLiteBehavior [ RunTime:0.000026s ]
INFO: [ app_init ] --END-- [ RunTime:0.000404s ]
ERR: 无法加载模块:Public

[ 2021-04-12T10:32:12+08:00 ] 127.0.0.1 /2015/advanced/04/01/index.php/Public/img/menu_bt.jpg
INFO: [ app_init ] --START--
INFO: Run Behavior\BuildLiteBehavior [ RunTime:0.000025s ]
INFO: [ app_init ] --END-- [ RunTime:0.000384s ]
ERR: 无法加载模块:Public

[ 2021-04-12T10:32:59+08:00 ] 127.0.0.1 /2015/advanced/04/01/index.php/Public/css/admin.css
INFO: [ app_init ] --START--
INFO: Run Behavior\BuildLiteBehavior [ RunTime:0.000026s ]
INFO: [ app_init ] --END-- [ RunTime:0.000423s ]
ERR: 无法加载模块:Public

ic

[ 2021-04-12T10:32:59+08:00 ] 127.0.0.1 /2015/advanced/04/01/index.php/Public/img/header_right.jpg
INFO: [ app_init ] --START--
INFO: Run Behavior\BuildLiteBehavior [ RunTime:0.000029s ]
INFO: [ app_init ] --END-- [ RunTime:0.000425s ]
ERR: 无法加载模块:Public

[ 2021-04-12T10:32:59+08:00 ] 127.0.0.1 /2015/advanced/04/01/index.php/Public/css/admin.css
INFO: [ app_init ] --START--
INFO: Run Behavior\BuildLiteBehavior [ RunTime:0.000028s ]
INFO: [ app_init ] --END-- [ RunTime:0.000434s ]
ERR: 无法加载模块:Public

[ 2021-04-12T10:32:59+08:00 ] 127.0.0.1 /2015/advanced/04/01/index.php/Public/img/admin_p.gif
INFO: [ app_init ] --START--
INFO: Run Behavior\BuildLiteBehavior [ RunTime:0.000026s ]
INFO: [ app_init ] --END-- [ RunTime:0.000404s ]
ERR: 无法加载模块:Public

[ 2021-04-12T10:32:59+08:00 ] 127.0.0.1 /2015/advanced/04/01/index.php/Public/img/header_bg.jpg
INFO: [ app_init ] --START--
INFO: Run Behavior\BuildLiteBehavior [ RunTime:0.000028s ]
INFO: [ app_init ] --END-- [ RunTime:0.000457s ]
ERR: 无法加载模块:Public

[ 2021-04-12T10:32:59+08:00 ] 127.0.0.1 /2015/advanced/04/01/index.php/Public/img/title_bg1.jpg
INFO: [ app_init ] --START--
INFO: Run Behavior\BuildLiteBehavior [ RunTime:0.000027s ]
INFO: [ app_init ] --END-- [ RunTime:0.000386s ]
ERR: 无法加载模块:Public

[ 2021-04-12T10:32:59+08:00 ] 127.0.0.1 /2015/advanced/04/01/index.php/Public/img/shadow_bg.jpg
INFO: [ app_init ] --START--
INFO: Run Behavior\BuildLiteBehavior [ RunTime:0.000025s ]
INFO: [ app_init ] --END-- [ RunTime:0.000425s ]
ERR: 无法加载模块:Public

[ 2021-04-12T10:32:59+08:00 ] 127.0.0.1 /2015/advanced/04/01/index.php/Public/img/menu_bg.jpg
INFO: [ app_init ] --START--
INFO: Run Behavior\BuildLiteBehavior [ RunTime:0.000027s ]
INFO: [ app_init ] --END-- [ RunTime:0.000390s ]
ERR: 无法加载模块:Public

[ 2021-04-12T10:32:59+08:00 ] 127.0.0.1 /2015/advanced/04/01/index.php/Public/img/menu_bt.jpg
INFO: [ app_init ] --START--
INFO: Run Behavior\BuildLiteBehavior [ RunTime:0.000026s ]
INFO: [ app_init ] --END-- [ RunTime:0.000396s ]
ERR: 无法加载模块:Public

[ 2021-04-12T10:33:00+08:00 ] 127.0.0.1 /2015/advanced/04/01/index.php/Public/img/menu_icon.gif
INFO: [ app_init ] --START--
INFO: Run Behavior\BuildLiteBehavior [ RunTime:0.000025s ]
INFO: [ app_init ] --END-- [ RunTime:0.000393s ]
ERR: 无法加载模块:Public

[ 2021-04-12T10:33:00+08:00 ] 127.0.0.1 /2015/advanced/04/01/index.php/Public/img/title_bg2.jpg
INFO: [ app_init ] --START--
INFO: Run Behavior\BuildLiteBehavior [ RunTime:0.000025s ]
INFO: [ app_init ] --END-- [ RunTime:0.000394s ]
ERR: 无法加载模块:Public

